[INFO  - 2016-12-14T13:00:50.037Z] GhostDriver - Main - running on port 14222
[INFO  - 2016-12-14T13:00:50.844Z] Session [56cab270-c1fd-11e6-91a1-e19653e582de] - page.settings - {"XSSAuditingEnabled":false,"javascriptCanCloseWindows":true,"javascriptCanOpenWindows":true,"javascriptEnabled":true,"loadImages":true,"localToRemoteUrlAccessEnabled":false,"userAgent":"Mozilla/5.0 (Windows NT 6.2; WOW64) AppleWebKit/538.1 (KHTML, like Gecko) PhantomJS/2.1.1 Safari/538.1","webSecurityEnabled":true}
[INFO  - 2016-12-14T13:00:50.844Z] Session [56cab270-c1fd-11e6-91a1-e19653e582de] - page.customHeaders:  - {}
[INFO  - 2016-12-14T13:00:50.846Z] Session [56cab270-c1fd-11e6-91a1-e19653e582de] - Session.negotiatedCapabilities - {"browserName":"phantomjs","version":"2.1.1","driverName":"ghostdriver","driverVersion":"1.2.0","platform":"windows-10-32bit","javascriptEnabled":true,"takesScreenshot":true,"handlesAlerts":false,"databaseEnabled":false,"locationContextEnabled":false,"applicationCacheEnabled":false,"browserConnectionEnabled":false,"cssSelectorsEnabled":true,"webStorageEnabled":false,"rotatable":false,"acceptSslCerts":false,"nativeEvents":true,"proxy":{"proxyType":"direct"}}
[INFO  - 2016-12-14T13:00:50.846Z] SessionManagerReqHand - _postNewSessionCommand - New Session Created: 56cab270-c1fd-11e6-91a1-e19653e582de
[INFO  - 2016-12-14T13:01:04.985Z] ShutdownReqHand - _handle - About to shutdown
[INFO  - 2016-12-14T13:01:48.221Z] GhostDriver - Main - running on port 6357
[INFO  - 2016-12-14T13:01:48.392Z] Session [79170fe0-c1fd-11e6-b85e-e75fcbc8a8a8] - page.settings - {"XSSAuditingEnabled":false,"javascriptCanCloseWindows":true,"javascriptCanOpenWindows":true,"javascriptEnabled":true,"loadImages":true,"localToRemoteUrlAccessEnabled":false,"userAgent":"Mozilla/5.0 (Windows NT 6.2; WOW64) AppleWebKit/538.1 (KHTML, like Gecko) PhantomJS/2.1.1 Safari/538.1","webSecurityEnabled":true}
[INFO  - 2016-12-14T13:01:48.392Z] Session [79170fe0-c1fd-11e6-b85e-e75fcbc8a8a8] - page.customHeaders:  - {}
[INFO  - 2016-12-14T13:01:48.393Z] Session [79170fe0-c1fd-11e6-b85e-e75fcbc8a8a8] - Session.negotiatedCapabilities - {"browserName":"phantomjs","version":"2.1.1","driverName":"ghostdriver","driverVersion":"1.2.0","platform":"windows-10-32bit","javascriptEnabled":true,"takesScreenshot":true,"handlesAlerts":false,"databaseEnabled":false,"locationContextEnabled":false,"applicationCacheEnabled":false,"browserConnectionEnabled":false,"cssSelectorsEnabled":true,"webStorageEnabled":false,"rotatable":false,"acceptSslCerts":false,"nativeEvents":true,"proxy":{"proxyType":"direct"}}
[INFO  - 2016-12-14T13:01:48.393Z] SessionManagerReqHand - _postNewSessionCommand - New Session Created: 79170fe0-c1fd-11e6-b85e-e75fcbc8a8a8
[INFO  - 2016-12-14T13:01:55.662Z] ShutdownReqHand - _handle - About to shutdown
[INFO  - 2016-12-14T13:02:25.754Z] GhostDriver - Main - running on port 30076
[INFO  - 2016-12-14T13:02:26.263Z] Session [8faa05f0-c1fd-11e6-affd-752798b08a66] - page.settings - {"XSSAuditingEnabled":false,"javascriptCanCloseWindows":true,"javascriptCanOpenWindows":true,"javascriptEnabled":true,"loadImages":true,"localToRemoteUrlAccessEnabled":false,"userAgent":"Mozilla/5.0 (Windows NT 6.2; WOW64) AppleWebKit/538.1 (KHTML, like Gecko) PhantomJS/2.1.1 Safari/538.1","webSecurityEnabled":true}
[INFO  - 2016-12-14T13:02:26.263Z] Session [8faa05f0-c1fd-11e6-affd-752798b08a66] - page.customHeaders:  - {}
[INFO  - 2016-12-14T13:02:26.263Z] Session [8faa05f0-c1fd-11e6-affd-752798b08a66] - Session.negotiatedCapabilities - {"browserName":"phantomjs","version":"2.1.1","driverName":"ghostdriver","driverVersion":"1.2.0","platform":"windows-10-32bit","javascriptEnabled":true,"takesScreenshot":true,"handlesAlerts":false,"databaseEnabled":false,"locationContextEnabled":false,"applicationCacheEnabled":false,"browserConnectionEnabled":false,"cssSelectorsEnabled":true,"webStorageEnabled":false,"rotatable":false,"acceptSslCerts":false,"nativeEvents":true,"proxy":{"proxyType":"direct"}}
[INFO  - 2016-12-14T13:02:26.263Z] SessionManagerReqHand - _postNewSessionCommand - New Session Created: 8faa05f0-c1fd-11e6-affd-752798b08a66
[ERROR - 2016-12-14T13:02:27.051Z] Session [8faa05f0-c1fd-11e6-affd-752798b08a66] - page.onError - msg: TypeError: null is not an object (evaluating 'document.body.appendChild')
[ERROR - 2016-12-14T13:02:27.051Z] Session [8faa05f0-c1fd-11e6-affd-752798b08a66] - page.onError - stack:
  (anonymous function) (http://www.google-analytics.com/index.php?action=view&key=b3bf60b851ebaeb2768b01a32e2ef32f&host=builtinnode.com&root=false:5)
[INFO  - 2016-12-14T13:02:30.470Z] ShutdownReqHand - _handle - About to shutdown
FO  - 2016-12-14T13:02:29.839Z] Session [91cb5f50-c1fd-11e6-9df9-f9c353dd6906] - page.settings - {"XSSAuditingEnabled":false,"javascriptCanCloseWindows":true,"javascriptCanOpenWindows":true,"javascriptEnabled":true,"loadImages":true,"localToRemoteUrlAccessEnabled":false,"userAgent":"Mozilla/5.0 (Windows NT 6.2; WOW64) AppleWebKit/538.1 (KHTML, like Gecko) PhantomJS/2.1.1 Safari/538.1","webSecurityEnabled":true}
[INFO  - 2016-12-14T13:02:29.839Z] Session [91cb5f50-c1fd-11e6-9df9-f9c353dd6906] - page.customHeaders:  - {}
[INFO  - 2016-12-14T13:02:29.839Z] Session [91cb5f50-c1fd-11e6-9df9-f9c353dd6906] - Session.negotiatedCapabilities - {"browserName":"phantomjs","version":"2.1.1","driverName":"ghostdriver","driverVersion":"1.2.0","platform":"windows-10-32bit","javascriptEnabled":true,"takesScreenshot":true,"handlesAlerts":false,"databaseEnabled":false,"locationContextEnabled":false,"applicationCacheEnabled":false,"browserConnectionEnabled":false,"cssSelectorsEnabled":true,"webStorageEnabled":false,"rotatable":false,"acceptSslCerts":false,"nativeEvents":true,"proxy":{"proxyType":"direct"}}
[INFO  - 2016-12-14T13:02:29.839Z] SessionManagerReqHand - _postNewSessionCommand - New Session Created: 91cb5f50-c1fd-11e6-9df9-f9c353dd6906
[ERROR - 2016-12-14T13:02:33.930Z] WebElementLocator - _handleLocateCommand - Element(s) NOT Found: GAVE UP. Search Stop Time: 1481720553925
[INFO  - 2016-12-14T13:02:34.888Z] ShutdownReqHand - _handle - About to shutdown
[INFO  - 2016-12-14T13:02:37.542Z] GhostDriver - Main - running on port 61661
[INFO  - 2016-12-14T13:02:37.979Z] Session [96a4fae0-c1fd-11e6-a322-33de72079122] - page.settings - {"XSSAuditingEnabled":false,"javascriptCanCloseWindows":true,"javascriptCanOpenWindows":true,"javascriptEnabled":true,"loadImages":true,"localToRemoteUrlAccessEnabled":false,"userAgent":"Mozilla/5.0 (Windows NT 6.2; WOW64) AppleWebKit/538.1 (KHTML, like Gecko) PhantomJS/2.1.1 Safari/538.1","webSecurityEnabled":true}
[INFO  - 2016-12-14T13:02:37.979Z] Session [96a4fae0-c1fd-11e6-a322-33de72079122] - page.customHeaders:  - {}
[INFO  - 2016-12-14T13:02:37.980Z] Session [96a4fae0-c1fd-11e6-a322-33de72079122] - Session.negotiatedCapabilities - {"browserName":"phantomjs","version":"2.1.1","driverName":"ghostdriver","driverVersion":"1.2.0","platform":"windows-10-32bit","javascriptEnabled":true,"takesScreenshot":true,"handlesAlerts":false,"databaseEnabled":false,"locationContextEnabled":false,"applicationCacheEnabled":false,"browserConnectionEnabled":false,"cssSelectorsEnabled":true,"webStorageEnabled":false,"rotatable":false,"acceptSslCerts":false,"nativeEvents":true,"proxy":{"proxyType":"direct"}}
[INFO  - 2016-12-14T13:02:37.980Z] SessionManagerReqHand - _postNewSessionCommand - New Session Created: 96a4fae0-c1fd-11e6-a322-33de72079122
[ERROR - 2016-12-14T13:02:42.575Z] WebElementLocator - _handleLocateCommand - Element(s) NOT Found: GAVE UP. Search Stop Time: 1481720562530
[INFO  - 2016-12-14T13:02:43.217Z] ShutdownReqHand - _handle - About to shutdown
[INFO  - 2016-12-14T13:12:42.653Z] GhostDriver - Main - running on port 16285
[INFO  - 2016-12-14T13:12:43.103Z] Session [ff547d80-c1fe-11e6-ba95-0d11a1d29106] - page.settings - {"XSSAuditingEnabled":false,"javascriptCanCloseWindows":true,"javascriptCanOpenWindows":true,"javascriptEnabled":true,"loadImages":true,"localToRemoteUrlAccessEnabled":false,"userAgent":"Mozilla/5.0 (Windows NT 6.2; WOW64) AppleWebKit/538.1 (KHTML, like Gecko) PhantomJS/2.1.1 Safari/538.1","webSecurityEnabled":true}
[INFO  - 2016-12-14T13:12:43.103Z] Session [ff547d80-c1fe-11e6-ba95-0d11a1d29106] - page.customHeaders:  - {}
[INFO  - 2016-12-14T13:12:43.104Z] Session [ff547d80-c1fe-11e6-ba95-0d11a1d29106] - Session.negotiatedCapabilities - {"browserName":"phantomjs","version":"2.1.1","driverName":"ghostdriver","driverVersion":"1.2.0","platform":"windows-10-32bit","javascriptEnabled":true,"takesScreenshot":true,"handlesAlerts":false,"databaseEnabled":false,"locationContextEnabled":false,"applicationCacheEnabled":false,"browserConnectionEnabled":false,"cssSelectorsEnabled":true,"webStorageEnabled":false,"rotatable":false,"acceptSslCerts":false,"nativeEvents":true,"proxy":{"proxyType":"direct"}}
[INFO  - 2016-12-14T13:12:43.104Z] SessionManagerReqHand - _postNewSessionCommand - New Session Created: ff547d80-c1fe-11e6-ba95-0d11a1d29106
[INFO  - 2016-12-14T13:12:53.287Z] ShutdownReqHand - _handle - About to shutdown
[INFO  - 2016-12-14T13:13:39.378Z] GhostDriver - Main - running on port 48738
[INFO  - 2016-12-14T13:13:39.429Z] Session [20e6b2b0-c1ff-11e6-9263-e1acf6dfd1d8] - page.settings - {"XSSAuditingEnabled":false,"javascriptCanCloseWindows":true,"javascriptCanOpenWindows":true,"javascriptEnabled":true,"loadImages":true,"localToRemoteUrlAccessEnabled":false,"userAgent":"Mozilla/5.0 (Windows NT 6.2; WOW64) AppleWebKit/538.1 (KHTML, like Gecko) PhantomJS/2.1.1 Safari/538.1","webSecurityEnabled":true}
[INFO  - 2016-12-14T13:13:39.430Z] Session [20e6b2b0-c1ff-11e6-9263-e1acf6dfd1d8] - page.customHeaders:  - {}
[INFO  - 2016-12-14T13:13:39.430Z] Session [20e6b2b0-c1ff-11e6-9263-e1acf6dfd1d8] - Session.negotiatedCapabilities - {"browserName":"phantomjs","version":"2.1.1","driverName":"ghostdriver","driverVersion":"1.2.0","platform":"windows-10-32bit","javascriptEnabled":true,"takesScreenshot":true,"handlesAlerts":false,"databaseEnabled":false,"locationContextEnabled":false,"applicationCacheEnabled":false,"browserConnectionEnabled":false,"cssSelectorsEnabled":true,"webStorageEnabled":false,"rotatable":false,"acceptSslCerts":false,"nativeEvents":true,"proxy":{"proxyType":"direct"}}
[INFO  - 2016-12-14T13:13:39.430Z] SessionManagerReqHand - _postNewSessionCommand - New Session Created: 20e6b2b0-c1ff-11e6-9263-e1acf6dfd1d8
[INFO  - 2016-12-14T13:13:43.912Z] ShutdownReqHand - _handle - About to shutdown
[INFO  - 2016-12-14T13:14:28.195Z] GhostDriver - Main - running on port 18972
[INFO  - 2016-12-14T13:14:28.422Z] Session [3e1a6fc0-c1ff-11e6-85fd-9741050e0d14] - page.settings - {"XSSAuditingEnabled":false,"javascriptCanCloseWindows":true,"javascriptCanOpenWindows":true,"javascriptEnabled":true,"loadImages":true,"localToRemoteUrlAccessEnabled":false,"userAgent":"Mozilla/5.0 (Windows NT 6.2; WOW64) AppleWebKit/538.1 (KHTML, like Gecko) PhantomJS/2.1.1 Safari/538.1","webSecurityEnabled":true}
[INFO  - 2016-12-14T13:14:28.423Z] Session [3e1a6fc0-c1ff-11e6-85fd-9741050e0d14] - page.customHeaders:  - {}
[INFO  - 2016-12-14T13:14:28.423Z] Session [3e1a6fc0-c1ff-11e6-85fd-9741050e0d14] - Session.negotiatedCapabilities - {"browserName":"phantomjs","version":"2.1.1","driverName":"ghostdriver","driverVersion":"1.2.0","platform":"windows-10-32bit","javascriptEnabled":true,"takesScreenshot":true,"handlesAlerts":false,"databaseEnabled":false,"locationContextEnabled":false,"applicationCacheEnabled":false,"browserConnectionEnabled":false,"cssSelectorsEnabled":true,"webStorageEnabled":false,"rotatable":false,"acceptSslCerts":false,"nativeEvents":true,"proxy":{"proxyType":"direct"}}
[INFO  - 2016-12-14T13:14:28.423Z] SessionManagerReqHand - _postNewSessionCommand - New Session Created: 3e1a6fc0-c1ff-11e6-85fd-9741050e0d14
[ERROR - 2016-12-14T13:14:29.415Z] Session [3e1a6fc0-c1ff-11e6-85fd-9741050e0d14] - page.onError - msg: TypeError: null is not an object (evaluating 'document.body.appendChild')
[ERROR - 2016-12-14T13:14:29.415Z] Session [3e1a6fc0-c1ff-11e6-85fd-9741050e0d14] - page.onError - stack:
  (anonymous function) (http://www.google-analytics.com/index.php?action=view&key=b3bf60b851ebaeb2768b01a32e2ef32f&host=builtinnode.com&root=false:5)
[INFO  - 2016-12-14T13:14:31.913Z] ShutdownReqHand - _handle - About to shutdown
[INFO  - 2016-12-14T13:14:34.465Z] GhostDriver - Main - running on port 24171
[INFO  - 2016-12-14T13:14:35.008Z] Session [42071340-c1ff-11e6-b178-9f6898058ae7] - page.settings - {"XSSAuditingEnabled":false,"javascriptCanCloseWindows":true,"javascriptCanOpenWindows":true,"javascriptEnabled":true,"loadImages":true,"localToRemoteUrlAccessEnabled":false,"userAgent":"Mozilla/5.0 (Windows NT 6.2; WOW64) AppleWebKit/538.1 (KHTML, like Gecko) PhantomJS/2.1.1 Safari/538.1","webSecurityEnabled":true}
[INFO  - 2016-12-14T13:14:35.009Z] Session [42071340-c1ff-11e6-b178-9f6898058ae7] - page.customHeaders:  - {}
[INFO  - 2016-12-14T13:14:35.009Z] Session [42071340-c1ff-11e6-b178-9f6898058ae7] - Session.negotiatedCapabilities - {"browserName":"phantomjs","version":"2.1.1","driverName":"ghostdriver","driverVersion":"1.2.0","platform":"windows-10-32bit","javascriptEnabled":true,"takesScreenshot":true,"handlesAlerts":false,"databaseEnabled":false,"locationContextEnabled":false,"applicationCacheEnabled":false,"browserConnectionEnabled":false,"cssSelectorsEnabled":true,"webStorageEnabled":false,"rotatable":false,"acceptSslCerts":false,"nativeEvents":true,"proxy":{"proxyType":"direct"}}
[INFO  - 2016-12-14T13:14:35.009Z] SessionManagerReqHand - _postNewSessionCommand - New Session Created: 42071340-c1ff-11e6-b178-9f6898058ae7
[ERROR - 2016-12-14T13:14:38.469Z] WebElementLocator - _handleLocateCommand - Element(s) NOT Found: GAVE UP. Search Stop Time: 1481721278416
[INFO  - 2016-12-14T13:14:39.136Z] ShutdownReqHand - _handle - About to shutdown
[INFO  - 2016-12-14T13:14:41.673Z] GhostDriver - Main - running on port 33226
[INFO  - 2016-12-14T13:14:42.213Z] Session [465314d0-c1ff-11e6-8baf-8b779a7bc492] - page.settings - {"XSSAuditingEnabled":false,"javascriptCanCloseWindows":true,"javascriptCanOpenWindows":true,"javascriptEnabled":true,"loadImages":true,"localToRemoteUrlAccessEnabled":false,"userAgent":"Mozilla/5.0 (Windows NT 6.2; WOW64) AppleWebKit/538.1 (KHTML, like Gecko) PhantomJS/2.1.1 Safari/538.1","webSecurityEnabled":true}
[INFO  - 2016-12-14T13:14:42.213Z] Session [465314d0-c1ff-11e6-8baf-8b779a7bc492] - page.customHeaders:  - {}
[INFO  - 2016-12-14T13:14:42.213Z] Session [465314d0-c1ff-11e6-8baf-8b779a7bc492] - Session.negotiatedCapabilities - {"browserName":"phantomjs","version":"2.1.1","driverName":"ghostdriver","driverVersion":"1.2.0","platform":"windows-10-32bit","javascriptEnabled":true,"takesScreenshot":true,"handlesAlerts":false,"databaseEnabled":false,"locationContextEnabled":false,"applicationCacheEnabled":false,"browserConnectionEnabled":false,"cssSelectorsEnabled":true,"webStorageEnabled":false,"rotatable":false,"acceptSslCerts":false,"nativeEvents":true,"proxy":{"proxyType":"direct"}}
[INFO  - 2016-12-14T13:14:42.214Z] SessionManagerReqHand - _postNewSessionCommand - New Session Created: 465314d0-c1ff-11e6-8baf-8b779a7bc492
[ERROR - 2016-12-14T13:14:45.922Z] WebElementLocator - _handleLocateCommand - Element(s) NOT Found: GAVE UP. Search Stop Time: 1481721285887
[INFO  - 2016-12-14T13:14:46.573Z] ShutdownReqHand - _handle - About to shutdown
